<?xml version="1.0" encoding="UTF-8"?>
<testsuite name="com.newtours.pruebas.runners.InicioDeSesionRunner" tests="1" skipped="0" failures="1" errors="0" timestamp="2020-05-15T21:02:40" hostname="DESKTOP-QGRC5TE" time="0.002">
  <properties/>
  <testcase name="initializationError" classname="com.newtours.pruebas.runners.InicioDeSesionRunner" time="0.002">
    <failure message="cucumber.runtime.CucumberException: gherkin.ParserException$CompositeParserException: Parser errors:&#10;(7:5): expected: #TagLine, #FeatureLine, #Comment, #Empty, got 'Dado que estoy en la pagina de inicio de gurubank'&#10;(9:5): expected: #TagLine, #FeatureLine, #Comment, #Empty, got 'Cuando ingreso mis credenciales'&#10;(11:5): expected: #TagLine, #FeatureLine, #Comment, #Empty, got '|usuario|clave|'&#10;(13:5): expected: #TagLine, #FeatureLine, #Comment, #Empty, got '|&lt;usuario&gt;|&lt;clave&gt;|'&#10;(15:5): expected: #TagLine, #FeatureLine, #Comment, #Empty, got 'Entonces valido la presencia de una alerta'&#10;(18:5): expected: #TagLine, #FeatureLine, #Comment, #Empty, got 'Ejemplos:'&#10;(20:7): expected: #TagLine, #FeatureLine, #Comment, #Empty, got '|Usuario|Clave|'&#10;(22:7): expected: #TagLine, #FeatureLine, #Comment, #Empty, got '|mngr255781 |claveInvalida|'&#10;(24:7): expected: #TagLine, #FeatureLine, #Comment, #Empty, got '|usuarioInvalido|YjuvAjU2|'&#10;(26:7): expected: #TagLine, #FeatureLine, #Comment, #Empty, got '|usuarioInvalido|claveInvalida|'&#10;(27:0): unexpected end of file, expected: #TagLine, #FeatureLine, #Comment, #Empty" type="cucumber.runtime.CucumberException">cucumber.runtime.CucumberException: gherkin.ParserException$CompositeParserException: Parser errors:
(7:5): expected: #TagLine, #FeatureLine, #Comment, #Empty, got 'Dado que estoy en la pagina de inicio de gurubank'
(9:5): expected: #TagLine, #FeatureLine, #Comment, #Empty, got 'Cuando ingreso mis credenciales'
(11:5): expected: #TagLine, #FeatureLine, #Comment, #Empty, got '|usuario|clave|'
(13:5): expected: #TagLine, #FeatureLine, #Comment, #Empty, got '|&lt;usuario&gt;|&lt;clave&gt;|'
(15:5): expected: #TagLine, #FeatureLine, #Comment, #Empty, got 'Entonces valido la presencia de una alerta'
(18:5): expected: #TagLine, #FeatureLine, #Comment, #Empty, got 'Ejemplos:'
(20:7): expected: #TagLine, #FeatureLine, #Comment, #Empty, got '|Usuario|Clave|'
(22:7): expected: #TagLine, #FeatureLine, #Comment, #Empty, got '|mngr255781 |claveInvalida|'
(24:7): expected: #TagLine, #FeatureLine, #Comment, #Empty, got '|usuarioInvalido|YjuvAjU2|'
(26:7): expected: #TagLine, #FeatureLine, #Comment, #Empty, got '|usuarioInvalido|claveInvalida|'
(27:0): unexpected end of file, expected: #TagLine, #FeatureLine, #Comment, #Empty
	at cucumber.runtime.FeatureBuilder.parse(FeatureBuilder.java:60)
	at cucumber.runtime.model.CucumberFeature.loadFromFeaturePath(CucumberFeature.java:113)
	at cucumber.runtime.model.CucumberFeature.load(CucumberFeature.java:49)
	at cucumber.runtime.model.CucumberFeature.load(CucumberFeature.java:31)
	at cucumber.runtime.RuntimeOptions.cucumberFeatures(RuntimeOptions.java:311)
	at cucumber.api.junit.Cucumber.&lt;init&gt;(Cucumber.java:81)
	at net.serenitybdd.cucumber.CucumberWithSerenity.&lt;init&gt;(CucumberWithSerenity.java:54)
	at sun.reflect.NativeConstructorAccessorImpl.newInstance0(Native Method)
	at sun.reflect.NativeConstructorAccessorImpl.newInstance(NativeConstructorAccessorImpl.java:62)
	at sun.reflect.DelegatingConstructorAccessorImpl.newInstance(DelegatingConstructorAccessorImpl.java:45)
	at java.lang.reflect.Constructor.newInstance(Constructor.java:423)
	at org.junit.internal.builders.AnnotatedBuilder.buildRunner(AnnotatedBuilder.java:104)
	at org.junit.internal.builders.AnnotatedBuilder.runnerForClass(AnnotatedBuilder.java:86)
	at org.junit.runners.model.RunnerBuilder.safeRunnerForClass(RunnerBuilder.java:59)
	at org.junit.internal.builders.AllDefaultPossibilitiesBuilder.runnerForClass(AllDefaultPossibilitiesBuilder.java:26)
	at org.junit.runners.model.RunnerBuilder.safeRunnerForClass(RunnerBuilder.java:59)
	at org.junit.internal.requests.ClassRequest.getRunner(ClassRequest.java:33)
	at org.gradle.api.internal.tasks.testing.junit.JUnitTestClassExecuter.runTestClass(JUnitTestClassExecuter.java:86)
	at org.gradle.api.internal.tasks.testing.junit.JUnitTestClassExecuter.execute(JUnitTestClassExecuter.java:57)
	at org.gradle.api.internal.tasks.testing.junit.JUnitTestClassProcessor.processTestClass(JUnitTestClassProcessor.java:66)
	at org.gradle.api.internal.tasks.testing.SuiteTestClassProcessor.processTestClass(SuiteTestClassProcessor.java:51)
	at sun.reflect.NativeMethodAccessorImpl.invoke0(Native Method)
	at sun.reflect.NativeMethodAccessorImpl.invoke(NativeMethodAccessorImpl.java:62)
	at sun.reflect.DelegatingMethodAccessorImpl.invoke(DelegatingMethodAccessorImpl.java:43)
	at java.lang.reflect.Method.invoke(Method.java:498)
	at org.gradle.internal.dispatch.ReflectionDispatch.dispatch(ReflectionDispatch.java:35)
	at org.gradle.internal.dispatch.ReflectionDispatch.dispatch(ReflectionDispatch.java:24)
	at org.gradle.internal.dispatch.ContextClassLoaderDispatch.dispatch(ContextClassLoaderDispatch.java:32)
	at org.gradle.internal.dispatch.ProxyDispatchAdapter$DispatchingInvocationHandler.invoke(ProxyDispatchAdapter.java:93)
	at com.sun.proxy.$Proxy1.processTestClass(Unknown Source)
	at org.gradle.api.internal.tasks.testing.worker.TestWorker.processTestClass(TestWorker.java:108)
	at sun.reflect.NativeMethodAccessorImpl.invoke0(Native Method)
	at sun.reflect.NativeMethodAccessorImpl.invoke(NativeMethodAccessorImpl.java:62)
	at sun.reflect.DelegatingMethodAccessorImpl.invoke(DelegatingMethodAccessorImpl.java:43)
	at java.lang.reflect.Method.invoke(Method.java:498)
	at org.gradle.internal.dispatch.ReflectionDispatch.dispatch(ReflectionDispatch.java:35)
	at org.gradle.internal.dispatch.ReflectionDispatch.dispatch(ReflectionDispatch.java:24)
	at org.gradle.internal.remote.internal.hub.MessageHubBackedObjectConnection$DispatchWrapper.dispatch(MessageHubBackedObjectConnection.java:146)
	at org.gradle.internal.remote.internal.hub.MessageHubBackedObjectConnection$DispatchWrapper.dispatch(MessageHubBackedObjectConnection.java:128)
	at org.gradle.internal.remote.internal.hub.MessageHub$Handler.run(MessageHub.java:404)
	at org.gradle.internal.concurrent.ExecutorPolicy$CatchAndRecordFailures.onExecute(ExecutorPolicy.java:63)
	at org.gradle.internal.concurrent.ManagedExecutorImpl$1.run(ManagedExecutorImpl.java:46)
	at java.util.concurrent.ThreadPoolExecutor.runWorker(ThreadPoolExecutor.java:1149)
	at java.util.concurrent.ThreadPoolExecutor$Worker.run(ThreadPoolExecutor.java:624)
	at org.gradle.internal.concurrent.ThreadFactoryImpl$ManagedThreadRunnable.run(ThreadFactoryImpl.java:55)
	at java.lang.Thread.run(Thread.java:748)
Caused by: gherkin.ParserException$CompositeParserException: Parser errors:
(7:5): expected: #TagLine, #FeatureLine, #Comment, #Empty, got 'Dado que estoy en la pagina de inicio de gurubank'
(9:5): expected: #TagLine, #FeatureLine, #Comment, #Empty, got 'Cuando ingreso mis credenciales'
(11:5): expected: #TagLine, #FeatureLine, #Comment, #Empty, got '|usuario|clave|'
(13:5): expected: #TagLine, #FeatureLine, #Comment, #Empty, got '|&lt;usuario&gt;|&lt;clave&gt;|'
(15:5): expected: #TagLine, #FeatureLine, #Comment, #Empty, got 'Entonces valido la presencia de una alerta'
(18:5): expected: #TagLine, #FeatureLine, #Comment, #Empty, got 'Ejemplos:'
(20:7): expected: #TagLine, #FeatureLine, #Comment, #Empty, got '|Usuario|Clave|'
(22:7): expected: #TagLine, #FeatureLine, #Comment, #Empty, got '|mngr255781 |claveInvalida|'
(24:7): expected: #TagLine, #FeatureLine, #Comment, #Empty, got '|usuarioInvalido|YjuvAjU2|'
(26:7): expected: #TagLine, #FeatureLine, #Comment, #Empty, got '|usuarioInvalido|claveInvalida|'
(27:0): unexpected end of file, expected: #TagLine, #FeatureLine, #Comment, #Empty
	at gherkin.Parser.addError(Parser.java:152)
	at gherkin.Parser.matchTokenAt_2(Parser.java:569)
	at gherkin.Parser.matchToken(Parser.java:343)
	at gherkin.Parser.parse(Parser.java:137)
	at gherkin.Parser.parse(Parser.java:118)
	at gherkin.Parser.parse(Parser.java:114)
	at cucumber.runtime.FeatureBuilder.parse(FeatureBuilder.java:56)
	... 45 more
</failure>
  </testcase>
  <system-out><![CDATA[]]></system-out>
  <system-err><![CDATA[]]></system-err>
</testsuite>
