<!DOCTYPE html>
<html>
<head>
<meta http-equiv="Content-Type" content="text/html; charset=utf-8"/>
<meta http-equiv="x-ua-compatible" content="IE=edge"/>
<title>Test results - Class com.newtours.pruebas.runners.InicioDeSesionRunner</title>
<link href="../css/base-style.css" rel="stylesheet" type="text/css"/>
<link href="../css/style.css" rel="stylesheet" type="text/css"/>
<script src="../js/report.js" type="text/javascript"></script>
</head>
<body>
<div id="content">
<h1>Class com.newtours.pruebas.runners.InicioDeSesionRunner</h1>
<div class="breadcrumbs">
<a href="../index.html">all</a> &gt; 
<a href="../packages/com.newtours.pruebas.runners.html">com.newtours.pruebas.runners</a> &gt; InicioDeSesionRunner</div>
<div id="summary">
<table>
<tr>
<td>
<div class="summaryGroup">
<table>
<tr>
<td>
<div class="infoBox" id="tests">
<div class="counter">1</div>
<p>tests</p>
</div>
</td>
<td>
<div class="infoBox" id="failures">
<div class="counter">1</div>
<p>failures</p>
</div>
</td>
<td>
<div class="infoBox" id="ignored">
<div class="counter">0</div>
<p>ignored</p>
</div>
</td>
<td>
<div class="infoBox" id="duration">
<div class="counter">0.002s</div>
<p>duration</p>
</div>
</td>
</tr>
</table>
</div>
</td>
<td>
<div class="infoBox failures" id="successRate">
<div class="percent">0%</div>
<p>successful</p>
</div>
</td>
</tr>
</table>
</div>
<div id="tabs">
<ul class="tabLinks">
<li>
<a href="#tab0">Failed tests</a>
</li>
<li>
<a href="#tab1">Tests</a>
</li>
</ul>
<div id="tab0" class="tab">
<h2>Failed tests</h2>
<div class="test">
<a name="initializationError"></a>
<h3 class="failures">initializationError</h3>
<span class="code">
<pre>cucumber.runtime.CucumberException: gherkin.ParserException$CompositeParserException: Parser errors:
(7:5): expected: #TagLine, #FeatureLine, #Comment, #Empty, got 'Dado que estoy en la pagina de inicio de gurubank'
(9:5): expected: #TagLine, #FeatureLine, #Comment, #Empty, got 'Cuando ingreso mis credenciales'
(11:5): expected: #TagLine, #FeatureLine, #Comment, #Empty, got '|usuario|clave|'
(13:5): expected: #TagLine, #FeatureLine, #Comment, #Empty, got '|&lt;usuario&gt;|&lt;clave&gt;|'
(15:5): expected: #TagLine, #FeatureLine, #Comment, #Empty, got 'Entonces valido la presencia de una alerta'
(18:5): expected: #TagLine, #FeatureLine, #Comment, #Empty, got 'Ejemplos:'
(20:7): expected: #TagLine, #FeatureLine, #Comment, #Empty, got '|Usuario|Clave|'
(22:7): expected: #TagLine, #FeatureLine, #Comment, #Empty, got '|mngr255781 |claveInvalida|'
(24:7): expected: #TagLine, #FeatureLine, #Comment, #Empty, got '|usuarioInvalido|YjuvAjU2|'
(26:7): expected: #TagLine, #FeatureLine, #Comment, #Empty, got '|usuarioInvalido|claveInvalida|'
(27:0): unexpected end of file, expected: #TagLine, #FeatureLine, #Comment, #Empty
	at cucumber.runtime.FeatureBuilder.parse(FeatureBuilder.java:60)
	at cucumber.runtime.model.CucumberFeature.loadFromFeaturePath(CucumberFeature.java:113)
	at cucumber.runtime.model.CucumberFeature.load(CucumberFeature.java:49)
	at cucumber.runtime.model.CucumberFeature.load(CucumberFeature.java:31)
	at cucumber.runtime.RuntimeOptions.cucumberFeatures(RuntimeOptions.java:311)
	at cucumber.api.junit.Cucumber.&lt;init&gt;(Cucumber.java:81)
	at net.serenitybdd.cucumber.CucumberWithSerenity.&lt;init&gt;(CucumberWithSerenity.java:54)
	at sun.reflect.NativeConstructorAccessorImpl.newInstance0(Native Method)
	at sun.reflect.NativeConstructorAccessorImpl.newInstance(NativeConstructorAccessorImpl.java:62)
	at sun.reflect.DelegatingConstructorAccessorImpl.newInstance(DelegatingConstructorAccessorImpl.java:45)
	at java.lang.reflect.Constructor.newInstance(Constructor.java:423)
	at org.junit.internal.builders.AnnotatedBuilder.buildRunner(AnnotatedBuilder.java:104)
	at org.junit.internal.builders.AnnotatedBuilder.runnerForClass(AnnotatedBuilder.java:86)
	at org.junit.runners.model.RunnerBuilder.safeRunnerForClass(RunnerBuilder.java:59)
	at org.junit.internal.builders.AllDefaultPossibilitiesBuilder.runnerForClass(AllDefaultPossibilitiesBuilder.java:26)
	at org.junit.runners.model.RunnerBuilder.safeRunnerForClass(RunnerBuilder.java:59)
	at org.junit.internal.requests.ClassRequest.getRunner(ClassRequest.java:33)
	at org.gradle.api.internal.tasks.testing.junit.JUnitTestClassExecuter.runTestClass(JUnitTestClassExecuter.java:86)
	at org.gradle.api.internal.tasks.testing.junit.JUnitTestClassExecuter.execute(JUnitTestClassExecuter.java:57)
	at org.gradle.api.internal.tasks.testing.junit.JUnitTestClassProcessor.processTestClass(JUnitTestClassProcessor.java:66)
	at org.gradle.api.internal.tasks.testing.SuiteTestClassProcessor.processTestClass(SuiteTestClassProcessor.java:51)
	at sun.reflect.NativeMethodAccessorImpl.invoke0(Native Method)
	at sun.reflect.NativeMethodAccessorImpl.invoke(NativeMethodAccessorImpl.java:62)
	at sun.reflect.DelegatingMethodAccessorImpl.invoke(DelegatingMethodAccessorImpl.java:43)
	at java.lang.reflect.Method.invoke(Method.java:498)
	at org.gradle.internal.dispatch.ReflectionDispatch.dispatch(ReflectionDispatch.java:35)
	at org.gradle.internal.dispatch.ReflectionDispatch.dispatch(ReflectionDispatch.java:24)
	at org.gradle.internal.dispatch.ContextClassLoaderDispatch.dispatch(ContextClassLoaderDispatch.java:32)
	at org.gradle.internal.dispatch.ProxyDispatchAdapter$DispatchingInvocationHandler.invoke(ProxyDispatchAdapter.java:93)
	at com.sun.proxy.$Proxy1.processTestClass(Unknown Source)
	at org.gradle.api.internal.tasks.testing.worker.TestWorker.processTestClass(TestWorker.java:108)
	at sun.reflect.NativeMethodAccessorImpl.invoke0(Native Method)
	at sun.reflect.NativeMethodAccessorImpl.invoke(NativeMethodAccessorImpl.java:62)
	at sun.reflect.DelegatingMethodAccessorImpl.invoke(DelegatingMethodAccessorImpl.java:43)
	at java.lang.reflect.Method.invoke(Method.java:498)
	at org.gradle.internal.dispatch.ReflectionDispatch.dispatch(ReflectionDispatch.java:35)
	at org.gradle.internal.dispatch.ReflectionDispatch.dispatch(ReflectionDispatch.java:24)
	at org.gradle.internal.remote.internal.hub.MessageHubBackedObjectConnection$DispatchWrapper.dispatch(MessageHubBackedObjectConnection.java:146)
	at org.gradle.internal.remote.internal.hub.MessageHubBackedObjectConnection$DispatchWrapper.dispatch(MessageHubBackedObjectConnection.java:128)
	at org.gradle.internal.remote.internal.hub.MessageHub$Handler.run(MessageHub.java:404)
	at org.gradle.internal.concurrent.ExecutorPolicy$CatchAndRecordFailures.onExecute(ExecutorPolicy.java:63)
	at org.gradle.internal.concurrent.ManagedExecutorImpl$1.run(ManagedExecutorImpl.java:46)
	at java.util.concurrent.ThreadPoolExecutor.runWorker(ThreadPoolExecutor.java:1149)
	at java.util.concurrent.ThreadPoolExecutor$Worker.run(ThreadPoolExecutor.java:624)
	at org.gradle.internal.concurrent.ThreadFactoryImpl$ManagedThreadRunnable.run(ThreadFactoryImpl.java:55)
	at java.lang.Thread.run(Thread.java:748)
Caused by: gherkin.ParserException$CompositeParserException: Parser errors:
(7:5): expected: #TagLine, #FeatureLine, #Comment, #Empty, got 'Dado que estoy en la pagina de inicio de gurubank'
(9:5): expected: #TagLine, #FeatureLine, #Comment, #Empty, got 'Cuando ingreso mis credenciales'
(11:5): expected: #TagLine, #FeatureLine, #Comment, #Empty, got '|usuario|clave|'
(13:5): expected: #TagLine, #FeatureLine, #Comment, #Empty, got '|&lt;usuario&gt;|&lt;clave&gt;|'
(15:5): expected: #TagLine, #FeatureLine, #Comment, #Empty, got 'Entonces valido la presencia de una alerta'
(18:5): expected: #TagLine, #FeatureLine, #Comment, #Empty, got 'Ejemplos:'
(20:7): expected: #TagLine, #FeatureLine, #Comment, #Empty, got '|Usuario|Clave|'
(22:7): expected: #TagLine, #FeatureLine, #Comment, #Empty, got '|mngr255781 |claveInvalida|'
(24:7): expected: #TagLine, #FeatureLine, #Comment, #Empty, got '|usuarioInvalido|YjuvAjU2|'
(26:7): expected: #TagLine, #FeatureLine, #Comment, #Empty, got '|usuarioInvalido|claveInvalida|'
(27:0): unexpected end of file, expected: #TagLine, #FeatureLine, #Comment, #Empty
	at gherkin.Parser.addError(Parser.java:152)
	at gherkin.Parser.matchTokenAt_2(Parser.java:569)
	at gherkin.Parser.matchToken(Parser.java:343)
	at gherkin.Parser.parse(Parser.java:137)
	at gherkin.Parser.parse(Parser.java:118)
	at gherkin.Parser.parse(Parser.java:114)
	at cucumber.runtime.FeatureBuilder.parse(FeatureBuilder.java:56)
	... 45 more
</pre>
</span>
</div>
</div>
<div id="tab1" class="tab">
<h2>Tests</h2>
<table>
<thead>
<tr>
<th>Test</th>
<th>Duration</th>
<th>Result</th>
</tr>
</thead>
<tr>
<td class="failures">initializationError</td>
<td>0.002s</td>
<td class="failures">failed</td>
</tr>
</table>
</div>
</div>
<div id="footer">
<p>
<div>
<label class="hidden" id="label-for-line-wrapping-toggle" for="line-wrapping-toggle">Wrap lines
<input id="line-wrapping-toggle" type="checkbox" autocomplete="off"/>
</label>
</div>Generated by 
<a href="http://www.gradle.org">Gradle 4.3</a> at 15/05/2020 04:02:40 PM</p>
</div>
</div>
</body>
</html>
